#Timing report of worst 1 path(s)
# Unit scale: 1e-09 seconds
# Output precision: 3

#Path 1
Startpoint: Y.inpad[0] (.input clocked by virtual_io_clock)
Endpoint  : out:F.outpad[0] (.output clocked by virtual_io_clock)
Path Type : hold

Point                                                                 Incr      Path
------------------------------------------------------------------------------------
clock virtual_io_clock (rise edge)                                   0.000     0.000
clock source latency                                                 0.000     0.000
input external delay                                                 0.000     0.000
Y.inpad[0] (.input)                                                  0.000     0.000
$iopadmap$boolean.Y.I_PAD_$inp[0] (BIDIR_CELL)                       0.000     0.000
$iopadmap$boolean.Y.I_DAT[0] (BIDIR_CELL)                           10.153    10.153
F_LUT3_O.t_frag.XAB[0] (T_FRAG)                                      4.620    14.773
F_LUT3_O.t_frag.XZ[0] (T_FRAG)                                       0.909    15.682
$iopadmap$boolean.F.O_DAT[0] (BIDIR_CELL)                            3.126    18.808
$iopadmap$boolean.F.O_PAD_$out[0] (BIDIR_CELL)                       9.726    28.534
out:F.outpad[0] (.output)                                            0.000    28.534
data arrival time                                                             28.534

clock virtual_io_clock (rise edge)                                   0.000     0.000
clock source latency                                                 0.000     0.000
clock uncertainty                                                    0.000     0.000
output external delay                                                0.000     0.000
data required time                                                             0.000
------------------------------------------------------------------------------------
data required time                                                            -0.000
data arrival time                                                             28.534
------------------------------------------------------------------------------------
slack (MET)                                                                   28.534


#End of timing report
